<?xml version="1.0" encoding="UTF-8"?>
<!-- Generated by org.testng.reporters.JUnitReportReporter -->
<testsuite hostname="Siri" failures="0" tests="4" name="rahulshettyacademy.Tests.CopyofStandalonetest2" time="50.911" errors="0" timestamp="2024-11-05T18:58:47 IST" skipped="0">
  <testcase classname="rahulshettyacademy.Tests.CopyofStandalonetest2" name="SubmitOrder" time="17.482"/>
  <testcase classname="rahulshettyacademy.Tests.CopyofStandalonetest2" name="SubmitOrder" time="21.624"/>
  <testcase classname="rahulshettyacademy.Tests.CopyofStandalonetest2" name="ordersHistorypage" time="5.573"/>
  <testcase classname="rahulshettyacademy.Tests.CopyofStandalonetest2" name="ordersHistorypage" time="6.232"/>
</testsuite> <!-- rahulshettyacademy.Tests.CopyofStandalonetest2 -->
